<?xml version="1.0" encoding="UTF-8"?>
<!-- Generated by org.testng.reporters.JUnitXMLReporter -->
<testsuite ignored="4" hostname="HP" failures="1" tests="1" name="EdgeTest" time="3.835" errors="0" timestamp="2025-03-29T15:53:01 IST">
  <testcase classname="testscript.LoginPageTest" name="verifyUserCanLoginwithValidUsernameAndInvalidPwd" time="0.303">
    <failure type="java.lang.AssertionError" message="Login is not Successful expected [Dashboard | 7rmart supermarket] but found [Login | 7rmart supermarket]">
      <![CDATA[java.lang.AssertionError: Login is not Successful expected [Dashboard | 7rmart supermarket] but found [Login | 7rmart supermarket]
at testscript.LoginPageTest.verifyUserCanLoginwithValidUsernameAndInvalidPwd(LoginPageTest.java:54)
at java.base/java.util.ArrayList.forEach(ArrayList.java:1597)
... Removed 30 stack frames]]>
    </failure>
  </testcase> <!-- verifyUserCanLoginwithValidUsernameAndInvalidPwd -->
  <testcase classname="testscript.LoginPageTest" name="verifyUserCanLoginwithInValidCredentials" time="0.0">
    <ignored/>
  </testcase> <!-- verifyUserCanLoginwithInValidCredentials -->
  <testcase classname="testscript.LoginPageTest" name="verifyUsercanLoginwithInvalidUsernameAndValidPwd" time="0.0">
    <ignored/>
  </testcase> <!-- verifyUsercanLoginwithInvalidUsernameAndValidPwd -->
  <testcase classname="testscript.LoginPageTest" name="verifyUsercanLoginwithValidCredentials" time="0.0">
    <ignored/>
  </testcase> <!-- verifyUsercanLoginwithValidCredentials -->
  <testcase classname="testscript.LoginPageTest" name="verifyUsercanLoginwithDataProviders" time="0.0">
    <ignored/>
  </testcase> <!-- verifyUsercanLoginwithDataProviders -->
</testsuite> <!-- EdgeTest -->
