<?xml version="1.0" encoding="UTF-8"?>
<!-- Generated by org.testng.reporters.JUnitXMLReporter -->
<testsuite ignored="0" hostname="HP" failures="1" tests="1" name="EdgeTest" time="3.568" errors="0" timestamp="2025-04-02T10:29:30 IST">
  <testcase classname="testscript.AddNewsPageTest" name="checkWhetherUserCanAddNews" time="1.307">
    <failure type="java.lang.NullPointerException" message="Cannot invoke &amp;quot;utilities.PageUtility.isalertDisplayed()&amp;quot; because &amp;quot;this.pageUtility&amp;quot; is null">
      <![CDATA[java.lang.NullPointerException: Cannot invoke "utilities.PageUtility.isalertDisplayed()" because "this.pageUtility" is null
at testscript.AddNewsPageTest.checkWhetherUserCanAddNews(AddNewsPageTest.java:29)
at java.base/java.util.ArrayList.forEach(ArrayList.java:1511)
... Removed 27 stack frames]]>
    </failure>
  </testcase> <!-- checkWhetherUserCanAddNews -->
</testsuite> <!-- EdgeTest -->
