<?xml version="1.0" encoding="UTF-8"?>
<testng-results ignored="0" total="1" passed="1" failed="0" skipped="0">
  <reporter-output>
  </reporter-output>
  <suite started-at="2025-04-04T11:45:10 IST" name="Suite" finished-at="2025-04-04T11:45:15 IST" duration-ms="5022">
    <groups>
    </groups>
    <test started-at="2025-04-04T11:45:10 IST" name="executeTest" finished-at="2025-04-04T11:45:15 IST" duration-ms="5022">
      <class name="testscript.AddCategoryPageTest">
        <test-method is-config="true" signature="beforeMethod(java.lang.String)[pri:0, instance:testscript.AddCategoryPageTest@5c86a017]" started-at="2025-04-04T11:45:10 IST" name="beforeMethod" finished-at="2025-04-04T11:45:12 IST" duration-ms="2232" status="PASS">
          <params>
            <param index="0">
              <value>
                <![CDATA[chrome]]>
              </value>
            </param>
          </params>
          <reporter-output>
          </reporter-output>
        </test-method> <!-- beforeMethod -->
        <test-method signature="verifyUsercanAddCategory()[pri:0, instance:testscript.AddCategoryPageTest@5c86a017]" started-at="2025-04-04T11:45:12 IST" name="verifyUsercanAddCategory" finished-at="2025-04-04T11:45:15 IST" duration-ms="2749" status="PASS">
          <reporter-output>
          </reporter-output>
        </test-method> <!-- verifyUsercanAddCategory -->
        <test-method is-config="true" signature="afterMethod(org.testng.ITestResult)[pri:0, instance:testscript.AddCategoryPageTest@5c86a017]" started-at="2025-04-04T11:45:15 IST" name="afterMethod" finished-at="2025-04-04T11:45:15 IST" duration-ms="1" status="PASS">
          <params>
            <param index="0">
              <value>
                <![CDATA[[TestResult name=verifyUsercanAddCategory status=SUCCESS method=AddCategoryPageTest.verifyUsercanAddCategory()[pri:0, instance:testscript.AddCategoryPageTest@5c86a017] output={null}]]]>
              </value>
            </param>
          </params>
          <reporter-output>
          </reporter-output>
        </test-method> <!-- afterMethod -->
      </class> <!-- testscript.AddCategoryPageTest -->
    </test> <!-- executeTest -->
  </suite> <!-- Suite -->
</testng-results>
