<?xml version="1.0" encoding="UTF-8"?>
<!-- Generated by org.testng.reporters.JUnitXMLReporter -->
<testsuite ignored="4" hostname="HP" failures="1" tests="1" name="ChromeTest" time="3.382" errors="0" timestamp="2025-03-29T16:04:34 IST">
  <testcase classname="testscript.LoginPageTest" name="verifyUserCanLoginwithValidUsernameAndInvalidPwd" time="0.722">
    <failure type="java.lang.AssertionError" message="Login is not Successful expected [Dashboard | 7rmart supermarket] but found [Login | 7rmart supermarket]">
      <![CDATA[java.lang.AssertionError: Login is not Successful expected [Dashboard | 7rmart supermarket] but found [Login | 7rmart supermarket]
at testscript.LoginPageTest.verifyUserCanLoginwithValidUsernameAndInvalidPwd(LoginPageTest.java:54)
at java.base/java.util.ArrayList.forEach(ArrayList.java:1597)
at java.base/java.util.concurrent.FutureTask.run(FutureTask.java:317)
at java.base/java.util.concurrent.ThreadPoolExecutor.runWorker(ThreadPoolExecutor.java:1144)
at java.base/java.util.concurrent.ThreadPoolExecutor$Worker.run(ThreadPoolExecutor.java:642)
at java.base/java.lang.Thread.run(Thread.java:1575)
... Removed 20 stack frames]]>
    </failure>
  </testcase> <!-- verifyUserCanLoginwithValidUsernameAndInvalidPwd -->
  <testcase classname="testscript.LoginPageTest" name="verifyUserCanLoginwithInValidCredentials" time="0.0">
    <ignored/>
  </testcase> <!-- verifyUserCanLoginwithInValidCredentials -->
  <testcase classname="testscript.LoginPageTest" name="verifyUsercanLoginwithValidCredentials" time="0.0">
    <ignored/>
  </testcase> <!-- verifyUsercanLoginwithValidCredentials -->
  <testcase classname="testscript.LoginPageTest" name="verifyUsercanLoginwithInvalidUsernameAndValidPwd" time="0.0">
    <ignored/>
  </testcase> <!-- verifyUsercanLoginwithInvalidUsernameAndValidPwd -->
  <testcase classname="testscript.LoginPageTest" name="verifyUsercanLoginwithDataProviders" time="0.0">
    <ignored/>
  </testcase> <!-- verifyUsercanLoginwithDataProviders -->
</testsuite> <!-- ChromeTest -->
